
                                      ARENA Simulation Results
                                  sl365@duke.edu - License: STUDENT

                                  Summary for Replication 1 of 50

Project: Unnamed Project                                             Run execution date : 4/ 4/2018
Analyst: sl365@duke.edu                                              Model revision date: 4/ 4/2018

Replication ended at time      : 480.0 Minutes 
Statistics were cleared at time: 30.0 Minutes (Thursday, April 05, 2018, 01:30:00)
Statistics accumulated for time: 450.0 Minutes
Base Time Units: Minutes

                                           TALLY VARIABLES

Identifier                                  Average   Half Width  Minimum    Maximum   Observations
___________________________________________________________________________________________________

Entity 1.VATime                             2.5217     (Insuf)    1.1427     4.7602         76    
Entity 1.NVATime                            .00000     (Insuf)    .00000     .00000         76    
Entity 1.WaitTime                           1.1117     (Insuf)    .00000     5.0963         76    
Entity 1.TranTime                           .00161     (Insuf)    2.8078E-04 .00287         76    
Entity 1.OtherTime                          .00000     (Insuf)    .00000     .00000         76    
Entity 1.TotalTime                          3.6351     (Insuf)    1.1444     7.5101         76    
Entity 2.VATime                             .76548     (Insuf)    .59794     .95434         61    
Entity 2.NVATime                            .00000     (Insuf)    .00000     .00000         61    
Entity 2.WaitTime                           1.5454     (Insuf)    .00000     5.3821         61    
Entity 2.TranTime                           .00172     (Insuf)    1.8753E-04 .00299         61    
Entity 2.OtherTime                          .00000     (Insuf)    .00000     .00000         61    
Entity 2.TotalTime                          2.3126     (Insuf)    .62247     6.0600         61    
Entity 3.VATime                             9.0616     (Insuf)    7.1140     11.598          5    
Entity 3.NVATime                            .00000     (Insuf)    .00000     .00000          5    
Entity 3.WaitTime                           .86638     (Insuf)    .00000     3.4205          5    
Entity 3.TranTime                           .00160     (Insuf)    6.9518E-04 .00231          5    
Entity 3.OtherTime                          .00000     (Insuf)    .00000     .00000          5    
Entity 3.TotalTime                          9.9296     (Insuf)    7.1157     15.019          5    
Entity 4.VATime                             1.2464     (Insuf)    1.1310     1.3617          2    
Entity 4.NVATime                            .00000     (Insuf)    .00000     .00000          2    
Entity 4.WaitTime                           1.0114     (Insuf)    .00000     2.0228          2    
Entity 4.TranTime                           .00119     (Insuf)    .00107     .00130          2    
Entity 4.OtherTime                          .00000     (Insuf)    .00000     .00000          2    
Entity 4.TotalTime                          2.2590     (Insuf)    1.3630     3.1549          2    
Entity 5.VATime                             2.5152     (Insuf)    .32856     4.7961        164    
Entity 5.NVATime                            .00000     (Insuf)    .00000     .00000        164    
Entity 5.WaitTime                           1.2693     (Insuf)    .00000     4.8016        164    
Entity 5.TranTime                           .00175     (Insuf)    1.6864E-04 .00316        164    
Entity 5.OtherTime                          .00000     (Insuf)    .00000     .00000        164    
Entity 5.TotalTime                          3.7863     (Insuf)    .33157     8.5148        164    
Entity 6.VATime                             1.9946     (Insuf)    1.0507     2.9355        283    
Entity 6.NVATime                            .00000     (Insuf)    .00000     .00000        283    
Entity 6.WaitTime                           1.4009     (Insuf)    .00000     6.2097        283    
Entity 6.TranTime                           .00163     (Insuf)    1.1398E-04 .00318        283    
Entity 6.OtherTime                          .00000     (Insuf)    .00000     .00000        283    
Entity 6.TotalTime                          3.3972     (Insuf)    1.0845     8.1084        283    
Entity 7.VATime                             9.9523     (Insuf)    5.6172     14.600        275    
Entity 7.NVATime                            .00000     (Insuf)    .00000     .00000        275    
Entity 7.WaitTime                           1.4112     (Insuf)    .00000     6.1077        275    
Entity 7.TranTime                           .00167     (Insuf)    1.1890E-04 .00315        275    
Entity 7.OtherTime                          .00000     (Insuf)    .00000     .00000        275    
Entity 7.TotalTime                          11.365     (Insuf)    5.6183     18.808        275    
Dispatch seize resource.Queue.WaitingTime   1.3603     .43485     .00000     6.2097        869    

                                     DISCRETE-CHANGE VARIABLES

Identifier                                  Average   Half Width  Minimum    Maximum   Final Value
___________________________________________________________________________________________________

Entity 1.WIP                                .61429     (Insuf)    .00000     3.0000     1.0000    
Entity 2.WIP                                .31466     (Insuf)    .00000     4.0000     1.0000    
Entity 3.WIP                                .11033     (Insuf)    .00000     1.0000     .00000    
Entity 4.WIP                                .01004     (Insuf)    .00000     1.0000     .00000    
Entity 5.WIP                                1.3847     .27077     .00000     6.0000     2.0000    
Entity 6.WIP                                2.1381     .34553     .00000     8.0000     1.0000    
Entity 7.WIP                                6.9472     (Corr)     1.0000     14.000     3.0000    
Attention.NumberBusy                        8.8924     .49479     2.0000     10.000     8.0000    
Attention.NumberScheduled                   10.000     (Insuf)    10.000     10.000     10.000    
Attention.Utilization                       .88924     .04948     .20000     1.0000     .80000    
Dispatch seize resource.Queue.NumberInQueu  2.6270     .83228     .00000     13.000     .00000    

                                             COUNTERS

Identifier                                    Count   Limit
_____________________________________________________________

Referencing_Failure_Unknown                       0  Infinite
Recordkeeping_Failure_Unknown                     0  Infinite
DirectiveCourtesy2_Failure_Unknown                0  Infinite
DirectiveCourtesy_Failure_Unknown                 0  Infinite
Actuation_Failure_Unknown                         0  Infinite
CommunicationsOther_Failure_Unknown               0  Infinite
DirectiveMandatory_Failure_Unknown                0  Infinite

                                             OUTPUTS

Identifier                                   Value
_____________________________________________________________

Entity 1.NumberIn                           77.000    
Entity 1.NumberOut                          76.000    
Entity 2.NumberIn                           62.000    
Entity 2.NumberOut                          61.000    
Entity 3.NumberIn                           5.0000    
Entity 3.NumberOut                          5.0000    
Entity 4.NumberIn                           2.0000    
Entity 4.NumberOut                          2.0000    
Entity 5.NumberIn                           165.00    
Entity 5.NumberOut                          164.00    
Entity 6.NumberIn                           284.00    
Entity 6.NumberOut                          283.00    
Entity 7.NumberIn                           274.00    
Entity 7.NumberOut                          275.00    
Attention.NumberSeized                      869.00    
Attention.ScheduledUtilization              .88924    
System.NumberOut                            866.00    

Beginning replication 2 of 50

                                      ARENA Simulation Results
                                  sl365@duke.edu - License: STUDENT

                                  Summary for Replication 2 of 50

Project: Unnamed Project                                             Run execution date : 4/ 4/2018
Analyst: sl365@duke.edu                                              Model revision date: 4/ 4/2018

Replication ended at time      : 480.0 Minutes 
Statistics were cleared at time: 30.0 Minutes (Thursday, April 05, 2018, 01:30:00)
Statistics accumulated for time: 450.0 Minutes
Base Time Units: Minutes

                                           TALLY VARIABLES

Identifier                                  Average   Half Width  Minimum    Maximum   Observations
___________________________________________________________________________________________________

Entity 1.VATime                             2.6922     (Insuf)    1.2742     4.7107         64    
Entity 1.NVATime                            .00000     (Insuf)    .00000     .00000         64    
Entity 1.WaitTime                           2.2107     (Insuf)    .00000     14.860         64    
Entity 1.TranTime                           .00154     (Insuf)    9.6523E-05 .00293         64    
Entity 1.OtherTime                          .00000     (Insuf)    .00000     .00000         64    
Entity 1.TotalTime                          4.9045     (Insuf)    1.3431     16.925         64    
Entity 2.VATime                             .73533     (Insuf)    .51974     .93281         75    
Entity 2.NVATime                            .00000     (Insuf)    .00000     .00000         75    
Entity 2.WaitTime                           2.6742     (Insuf)    .00000     15.989         75    
Entity 2.TranTime                           .00167     (Insuf)    4.6821E-05 .00331         75    
Entity 2.OtherTime                          .00000     (Insuf)    .00000     .00000         75    
Entity 2.TotalTime                          3.4112     (Insuf)    .52179     16.613         75    
Entity 3.VATime                                 --         --         --         --          0
Entity 3.NVATime                                --         --         --         --          0
Entity 3.WaitTime                               --         --         --         --          0
Entity 3.TranTime                               --         --         --         --          0
Entity 3.OtherTime                              --         --         --         --          0
Entity 3.TotalTime                              --         --         --         --          0
Entity 4.VATime                             1.1231     (Insuf)    .80905     1.4394          3    
Entity 4.NVATime                            .00000     (Insuf)    .00000     .00000          3    
Entity 4.WaitTime                           .25731     (Insuf)    .00000     .77192          3    
Entity 4.TranTime                           .00171     (Insuf)    7.8041E-04 .00220          3    
Entity 4.OtherTime                          .00000     (Insuf)    .00000     .00000          3    
Entity 4.TotalTime                          1.3821     (Insuf)    .80983     1.8950          3    
Entity 5.VATime                             2.5891     (Insuf)    .42028     4.8721        163    
Entity 5.NVATime                            .00000     (Insuf)    .00000     .00000        163    
Entity 5.WaitTime                           1.9693     (Insuf)    .00000     14.900        163    
Entity 5.TranTime                           .00179     (Insuf)    1.0830E-04 .00321        163    
Entity 5.OtherTime                          .00000     (Insuf)    .00000     .00000        163    
Entity 5.TotalTime                          4.5603     (Insuf)    .42261     18.101        163    
Entity 6.VATime                             2.0407     (Insuf)    1.0961     2.9348        276    
Entity 6.NVATime                            .00000     (Insuf)    .00000     .00000        276    
Entity 6.WaitTime                           2.1130     (Insuf)    .00000     14.654        276    
Entity 6.TranTime                           .00167     (Insuf)    1.1795E-04 .00322        276    
Entity 6.OtherTime                          .00000     (Insuf)    .00000     .00000        276    
Entity 6.TotalTime                          4.1554     (Insuf)    1.1197     17.180        276    
Entity 7.VATime                             9.8004     (Insuf)    5.0690     14.370        271    
Entity 7.NVATime                            .00000     (Insuf)    .00000     .00000        271    
Entity 7.WaitTime                           2.0972     (Insuf)    .00000     14.337        271    
Entity 7.TranTime                           .00166     (Insuf)    7.0106E-05 .00314        271    
Entity 7.OtherTime                          .00000     (Insuf)    .00000     .00000        271    
Entity 7.TotalTime                          11.899     (Insuf)    5.0702     25.620        271    
Dispatch seize resource.Queue.WaitingTime   2.2702     (Corr)     .00000     15.989        857    

                                     DISCRETE-CHANGE VARIABLES

Identifier                                  Average   Half Width  Minimum    Maximum   Final Value
___________________________________________________________________________________________________

Entity 1.WIP                                .80327     (Insuf)    .00000     8.0000     5.0000    
Entity 2.WIP                                .59971     (Insuf)    .00000     6.0000     2.0000    
Entity 3.WIP                                .03766     (Insuf)    .00000     1.0000     1.0000    
Entity 4.WIP                                .03882     (Insuf)    .00000     1.0000     1.0000    
Entity 5.WIP                                1.7654     (Corr)     .00000     8.0000     6.0000    
Entity 6.WIP                                2.7610     (Corr)     .00000     15.000     12.000    
Entity 7.WIP                                7.5613     (Corr)     1.0000     22.000     12.000    
Attention.NumberBusy                        8.7244     .46052     2.0000     10.000     10.000    
Attention.NumberScheduled                   10.000     (Insuf)    10.000     10.000     10.000    
Attention.Utilization                       .87245     .04605     .20000     1.0000     1.0000    
Dispatch seize resource.Queue.NumberInQueu  4.8428     (Corr)     .00000     38.000     29.000    

                                             COUNTERS

Identifier                                    Count   Limit
_____________________________________________________________

Referencing_Failure_Unknown                       0  Infinite
Recordkeeping_Failure_Unknown                     0  Infinite
DirectiveCourtesy2_Failure_Unknown                0  Infinite
DirectiveCourtesy_Failure_Unknown                 0  Infinite
Actuation_Failure_Unknown                         0  Infinite
CommunicationsOther_Failure_Unknown               0  Infinite
DirectiveMandatory_Failure_Unknown                0  Infinite

                                             OUTPUTS

Identifier                                   Value
_____________________________________________________________

Entity 1.NumberIn                           68.000    
Entity 1.NumberOut                          64.000    
Entity 2.NumberIn                           77.000    
Entity 2.NumberOut                          75.000    
Entity 3.NumberIn                           1.0000    
Entity 3.NumberOut                          .00000    
Entity 4.NumberIn                           4.0000    
Entity 4.NumberOut                          3.0000    
Entity 5.NumberIn                           168.00    
Entity 5.NumberOut                          163.00    
Entity 6.NumberIn                           287.00    
Entity 6.NumberOut                          276.00    
Entity 7.NumberIn                           281.00    
Entity 7.NumberOut                          271.00    
Attention.NumberSeized                      857.00    
Attention.ScheduledUtilization              .87245    
System.NumberOut                            852.00    

Beginning replication 3 of 50

                                      ARENA Simulation Results
                                  sl365@duke.edu - License: STUDENT

                                  Summary for Replication 3 of 50

Project: Unnamed Project                                             Run execution date : 4/ 4/2018
Analyst: sl365@duke.edu                                              Model revision date: 4/ 4/2018

Replication ended at time      : 480.0 Minutes 
Statistics were cleared at time: 30.0 Minutes (Thursday, April 05, 2018, 01:30:00)
Statistics accumulated for time: 450.0 Minutes
Base Time Units: Minutes

                                           TALLY VARIABLES

Identifier                                  Average   Half Width  Minimum    Maximum   Observations
___________________________________________________________________________________________________

Entity 1.VATime                             2.5943     (Insuf)    1.1112     4.8045         60    
Entity 1.NVATime                            .00000     (Insuf)    .00000     .00000         60    
Entity 1.WaitTime                           1.3553     (Insuf)    .00000     6.8975         60    
Entity 1.TranTime                           .00172     (Insuf)    3.8149E-04 .00285         60    
Entity 1.OtherTime                          .00000     (Insuf)    .00000     .00000         60    
Entity 1.TotalTime                          3.9514     (Insuf)    1.1137     9.2275         60    
Entity 2.VATime                             .74988     (Insuf)    .51386     .95947         67    
Entity 2.NVATime                            .00000     (Insuf)    .00000     .00000         67    
Entity 2.WaitTime                           1.2301     (Insuf)    .00000     6.7969         67    
Entity 2.TranTime                           .00147     (Insuf)    1.0607E-04 .00286         67    
Entity 2.OtherTime                          .00000     (Insuf)    .00000     .00000         67    
Entity 2.TotalTime                          1.9815     (Insuf)    .51614     7.4709         67    
Entity 3.VATime                             10.364     (Insuf)    7.5564     12.117          5    
Entity 3.NVATime                            .00000     (Insuf)    .00000     .00000          5    
Entity 3.WaitTime                           .62367     (Insuf)    .00000     3.1183          5    
Entity 3.TranTime                           .00151     (Insuf)    9.8889E-04 .00212          5    
Entity 3.OtherTime                          .00000     (Insuf)    .00000     .00000          5    
Entity 3.TotalTime                          10.989     (Insuf)    7.5574     13.587          5    
Entity 4.VATime                             1.5126     (Insuf)    1.2867     1.6609          3    
Entity 4.NVATime                            .00000     (Insuf)    .00000     .00000          3    
Entity 4.WaitTime                           .81052     (Insuf)    .00000     1.9530          3    
Entity 4.TranTime                           .00138     (Insuf)    8.0160E-04 .00204          3    
Entity 4.OtherTime                          .00000     (Insuf)    .00000     .00000          3    
Entity 4.TotalTime                          2.3245     (Insuf)    1.2875     3.6152          3    
Entity 5.VATime                             2.3954     (Insuf)    .25251     4.8217        164    
Entity 5.NVATime                            .00000     (Insuf)    .00000     .00000        164    
Entity 5.WaitTime                           1.3923     (Insuf)    .00000     6.7082        164    
Entity 5.TranTime                           .00176     (Insuf)    2.5357E-04 .00323        164    
Entity 5.OtherTime                          .00000     (Insuf)    .00000     .00000        164    
Entity 5.TotalTime                          3.7895     (Insuf)    .25590     10.316        164    
Entity 6.VATime                             2.0074     (Insuf)    1.1162     2.9570        265    
Entity 6.NVATime                            .00000     (Insuf)    .00000     .00000        265    
Entity 6.WaitTime                           1.2373     (Insuf)    .00000     7.1454        265    
Entity 6.TranTime                           .00163     (Insuf)    1.3430E-04 .00318        265    
Entity 6.OtherTime                          .00000     (Insuf)    .00000     .00000        265    
Entity 6.TotalTime                          3.2464     (Insuf)    1.2161     9.3100        265    
Entity 7.VATime                             9.8331     (Insuf)    5.1928     14.668        261    
Entity 7.NVATime                            .00000     (Insuf)    .00000     .00000        261    
Entity 7.WaitTime                           1.2450     (Insuf)    .00000     7.1083        261    
Entity 7.TranTime                           .00171     (Insuf)    1.6345E-04 .00314        261    
Entity 7.OtherTime                          .00000     (Insuf)    .00000     .00000        261    
Entity 7.TotalTime                          11.079     (Insuf)    5.2982     20.420        261    
Dispatch seize resource.Queue.WaitingTime   1.2721     (Corr)     .00000     7.1454        824    

                                     DISCRETE-CHANGE VARIABLES

Identifier                                  Average   Half Width  Minimum    Maximum   Final Value
___________________________________________________________________________________________________

Entity 1.WIP                                .52919     (Insuf)    .00000     4.0000     1.0000    
Entity 2.WIP                                .29502     (Insuf)    .00000     4.0000     .00000    
Entity 3.WIP                                .12211     (Insuf)    .00000     1.0000     .00000    
Entity 4.WIP                                .01550     (Insuf)    .00000     1.0000     .00000    
Entity 5.WIP                                1.3820     .41228     .00000     7.0000     1.0000    
Entity 6.WIP                                1.9152     (Corr)     .00000     8.0000     1.0000    
Entity 7.WIP                                6.3564     (Corr)     .00000     13.000     5.0000    
Attention.NumberBusy                        8.2860     (Corr)     2.0000     10.000     8.0000    
Attention.NumberScheduled                   10.000     (Insuf)    10.000     10.000     10.000    
Attention.Utilization                       .82861     (Corr)     .20000     1.0000     .80000    
Dispatch seize resource.Queue.NumberInQueu  2.3295     (Corr)     .00000     18.000     .00000    

                                             COUNTERS

Identifier                                    Count   Limit
_____________________________________________________________

Referencing_Failure_Unknown                       1  Infinite
Recordkeeping_Failure_Unknown                     0  Infinite
DirectiveCourtesy2_Failure_Unknown                0  Infinite
DirectiveCourtesy_Failure_Unknown                 0  Infinite
Actuation_Failure_Unknown                         0  Infinite
CommunicationsOther_Failure_Unknown               0  Infinite
DirectiveMandatory_Failure_Unknown                0  Infinite

                                             OUTPUTS

Identifier                                   Value
_____________________________________________________________

Entity 1.NumberIn                           61.000    
Entity 1.NumberOut                          60.000    
Entity 2.NumberIn                           67.000    
Entity 2.NumberOut                          67.000    
Entity 3.NumberIn                           5.0000    
Entity 3.NumberOut                          5.0000    
Entity 4.NumberIn                           3.0000    
Entity 4.NumberOut                          3.0000    
Entity 5.NumberIn                           164.00    
Entity 5.NumberOut                          164.00    
Entity 6.NumberIn                           266.00    
Entity 6.NumberOut                          265.00    
Entity 7.NumberIn                           258.00    
Entity 7.NumberOut                          261.00    
Attention.NumberSeized                      824.00    
Attention.ScheduledUtilization              .82861    
System.NumberOut                            825.00    

Beginning replication 4 of 50

                                      ARENA Simulation Results
                                  sl365@duke.edu - License: STUDENT

                                  Summary for Replication 4 of 50

Project: Unnamed Project                                             Run execution date : 4/ 4/2018
Analyst: sl365@duke.edu                                              Model revision date: 4/ 4/2018

Replication ended at time      : 480.0 Minutes 
Statistics were cleared at time: 30.0 Minutes (Thursday, April 05, 2018, 01:30:00)
Statistics accumulated for time: 450.0 Minutes
Base Time Units: Minutes

                                           TALLY VARIABLES

Identifier                                  Average   Half Width  Minimum    Maximum   Observations
___________________________________________________________________________________________________

Entity 1.VATime                             2.7072     (Insuf)    1.1680     4.7530         64    
Entity 1.NVATime                            .00000     (Insuf)    .00000     .00000         64    
Entity 1.WaitTime                           2.1274     (Insuf)    .00000     11.036         64    
Entity 1.TranTime                           .00159     (Insuf)    1.4787E-04 .00288         64    
Entity 1.OtherTime                          .00000     (Insuf)    .00000     .00000         64    
Entity 1.TotalTime                          4.8362     (Insuf)    1.2733     14.616         64    
Entity 2.VATime                             .73085     (Insuf)    .52562     .95857         53    
Entity 2.NVATime                            .00000     (Insuf)    .00000     .00000         53    
Entity 2.WaitTime                           1.7605     (Insuf)    .00000     16.015         53    
Entity 2.TranTime                           .00173     (Insuf)    5.7885E-04 .00321         53    
Entity 2.OtherTime                          .00000     (Insuf)    .00000     .00000         53    
Entity 2.TotalTime                          2.4931     (Insuf)    .52883     16.975         53    
Entity 3.VATime                             9.5685     (Insuf)    7.7343     10.919          6    
Entity 3.NVATime                            .00000     (Insuf)    .00000     .00000          6    
Entity 3.WaitTime                           2.5744     (Insuf)    .00000     13.010          6    
Entity 3.TranTime                           .00165     (Insuf)    .00114     .00281          6    
Entity 3.OtherTime                          .00000     (Insuf)    .00000     .00000          6    
Entity 3.TotalTime                          12.144     (Insuf)    8.2463     23.524          6    
Entity 4.VATime                             1.3310     (Insuf)    .97869     1.6733          4    
Entity 4.NVATime                            .00000     (Insuf)    .00000     .00000          4    
Entity 4.WaitTime                           .29809     (Insuf)    .00000     1.1923          4    
Entity 4.TranTime                           .00132     (Insuf)    7.8427E-04 .00193          4    
Entity 4.OtherTime                          .00000     (Insuf)    .00000     .00000          4    
Entity 4.TotalTime                          1.6304     (Insuf)    .98062     2.5092          4    
Entity 5.VATime                             2.4542     (Insuf)    .11543     4.6110        153    
Entity 5.NVATime                            .00000     (Insuf)    .00000     .00000        153    
Entity 5.WaitTime                           2.0749     (Insuf)    .00000     15.049        153    
Entity 5.TranTime                           .00157     (Insuf)    1.1371E-04 .00317        153    
Entity 5.OtherTime                          .00000     (Insuf)    .00000     .00000        153    
Entity 5.TotalTime                          4.5307     (Insuf)    .16529     18.605        153    
Entity 6.VATime                             2.0065     (Insuf)    1.0242     2.9733        307    
Entity 6.NVATime                            .00000     (Insuf)    .00000     .00000        307    
Entity 6.WaitTime                           1.8121     (Insuf)    .00000     16.262        307    
Entity 6.TranTime                           .00165     (Insuf)    8.6205E-05 .00324        307    
Entity 6.OtherTime                          .00000     (Insuf)    .00000     .00000        307    
Entity 6.TotalTime                          3.8202     (Insuf)    1.0533     18.545        307    
Entity 7.VATime                             9.9117     (Insuf)    5.3044     14.954        264    
Entity 7.NVATime                            .00000     (Insuf)    .00000     .00000        264    
Entity 7.WaitTime                           2.5766     (Insuf)    .00000     16.248        264    
Entity 7.TranTime                           .00165     (Insuf)    3.0282E-05 .00328        264    
Entity 7.OtherTime                          .00000     (Insuf)    .00000     .00000        264    
Entity 7.TotalTime                          12.490     (Insuf)    5.4949     26.970        264    
Dispatch seize resource.Queue.WaitingTime   2.1080     (Corr)     .00000     16.262        854    

                                     DISCRETE-CHANGE VARIABLES

Identifier                                  Average   Half Width  Minimum    Maximum   Final Value
___________________________________________________________________________________________________

Entity 1.WIP                                .68782     (Insuf)    .00000     5.0000     .00000    
Entity 2.WIP                                .29358     (Insuf)    .00000     3.0000     .00000    
Entity 3.WIP                                .16193     (Insuf)    .00000     1.0000     .00000    
Entity 4.WIP                                .01449     (Insuf)    .00000     1.0000     .00000    
Entity 5.WIP                                1.5404     (Insuf)    .00000     7.0000     .00000    
Entity 6.WIP                                2.6048     (Corr)     .00000     12.000     3.0000    
Entity 7.WIP                                7.3781     (Corr)     1.0000     23.000     10.000    
Attention.NumberBusy                        8.6779     .40329     2.0000     10.000     10.000    
Attention.NumberScheduled                   10.000     (Insuf)    10.000     10.000     10.000    
Attention.Utilization                       .86780     .04033     .20000     1.0000     1.0000    
Dispatch seize resource.Queue.NumberInQueu  4.0032     (Corr)     .00000     27.000     3.0000    

                                             COUNTERS

Identifier                                    Count   Limit
_____________________________________________________________

Referencing_Failure_Unknown                       0  Infinite
Recordkeeping_Failure_Unknown                     0  Infinite
DirectiveCourtesy2_Failure_Unknown                0  Infinite
DirectiveCourtesy_Failure_Unknown                 0  Infinite
Actuation_Failure_Unknown                         0  Infinite
CommunicationsOther_Failure_Unknown               0  Infinite
DirectiveMandatory_Failure_Unknown                0  Infinite

                                             OUTPUTS

Identifier                                   Value
_____________________________________________________________

Entity 1.NumberIn                           64.000    
Entity 1.NumberOut                          64.000    
Entity 2.NumberIn                           52.000    
Entity 2.NumberOut                          53.000    
Entity 3.NumberIn                           6.0000    
Entity 3.NumberOut                          6.0000    
Entity 4.NumberIn                           4.0000    
Entity 4.NumberOut                          4.0000    
Entity 5.NumberIn                           153.00    
Entity 5.NumberOut                          153.00    
Entity 6.NumberIn                           308.00    
Entity 6.NumberOut                          307.00    
Entity 7.NumberIn                           270.00    
Entity 7.NumberOut                          264.00    
Attention.NumberSeized                      854.00    
Attention.ScheduledUtilization              .86780    
System.NumberOut                            851.00    

Beginning replication 5 of 50

                                      ARENA Simulation Results
                                  sl365@duke.edu - License: STUDENT

                                  Summary for Replication 5 of 50

Project: Unnamed Project                                             Run execution date : 4/ 4/2018
Analyst: sl365@duke.edu                                              Model revision date: 4/ 4/2018

Replication ended at time      : 480.0 Minutes 
Statistics were cleared at time: 30.0 Minutes (Thursday, April 05, 2018, 01:30:00)
Statistics accumulated for time: 450.0 Minutes
Base Time Units: Minutes

                                           TALLY VARIABLES

Identifier                                  Average   Half Width  Minimum    Maximum   Observations
___________________________________________________________________________________________________

Entity 1.VATime                             2.5819     (Insuf)    1.2385     4.1046         49    
Entity 1.NVATime                            .00000     (Insuf)    .00000     .00000         49    
Entity 1.WaitTime                           1.6494     (Insuf)    .00000     9.9144         49    
Entity 1.TranTime                           .00173     (Insuf)    4.3341E-04 .00316         49    
Entity 1.OtherTime                          .00000     (Insuf)    .00000     .00000         49    
Entity 1.TotalTime                          4.2331     (Insuf)    1.3824     12.664         49    
Entity 2.VATime                             .73130     (Insuf)    .53060     .97487         59    
Entity 2.NVATime                            .00000     (Insuf)    .00000     .00000         59    
Entity 2.WaitTime                           1.4560     (Insuf)    .00000     6.3359         59    
Entity 2.TranTime                           .00173     (Insuf)    6.0420E-04 .00303         59    
Entity 2.OtherTime                          .00000     (Insuf)    .00000     .00000         59    
Entity 2.TotalTime                          2.1890     (Insuf)    .53208     6.9775         59    
Entity 3.VATime                             11.042     (Insuf)    10.649     11.434          2    
Entity 3.NVATime                            .00000     (Insuf)    .00000     .00000          2    
Entity 3.WaitTime                           .05956     (Insuf)    .00000     .11913          2    
Entity 3.TranTime                           .00117     (Insuf)    6.0788E-04 .00174          2    
Entity 3.OtherTime                          .00000     (Insuf)    .00000     .00000          2    
Entity 3.TotalTime                          11.103     (Insuf)    10.651     11.554          2    
Entity 4.VATime                             1.0141     (Insuf)    .61789     1.5137          5    
Entity 4.NVATime                            .00000     (Insuf)    .00000     .00000          5    
Entity 4.WaitTime                           1.5344     (Insuf)    .00000     4.9740          5    
Entity 4.TranTime                           .00217     (Insuf)    .00134     .00327          5    
Entity 4.OtherTime                          .00000     (Insuf)    .00000     .00000          5    
Entity 4.TotalTime                          2.5507     (Insuf)    .98761     5.9304          5    
Entity 5.VATime                             2.4879     (Insuf)    .08509     4.8447        168    
Entity 5.NVATime                            .00000     (Insuf)    .00000     .00000        168    
Entity 5.WaitTime                           1.4322     (Insuf)    .00000     7.3633        168    
Entity 5.TranTime                           .00164     (Insuf)    5.2716E-05 .00313        168    
Entity 5.OtherTime                          .00000     (Insuf)    .00000     .00000        168    
Entity 5.TotalTime                          3.9217     (Insuf)    .49101     11.627        168    
Entity 6.VATime                             1.9828     (Insuf)    1.0737     4.4295        294    
Entity 6.NVATime                            .00000     (Insuf)    .00000     .00000        294    
Entity 6.WaitTime                           1.5720     (Insuf)    .00000     8.3500        294    
Entity 6.TranTime                           .00161     (Insuf)    2.3782E-05 .00326        294    
Entity 6.OtherTime                          .00000     (Insuf)    .00000     .00000        294    
Entity 6.TotalTime                          3.5565     (Insuf)    1.0946     10.863        294    
Entity 7.VATime                             10.085     (Insuf)    5.2050     14.674        272    
Entity 7.NVATime                            .00000     (Insuf)    .00000     .00000        272    
Entity 7.WaitTime                           1.5116     (Insuf)    .00000     8.8965        272    
Entity 7.TranTime                           .00170     (Insuf)    5.2171E-05 .00324        272    
Entity 7.OtherTime                          .00000     (Insuf)    .00000     .00000        272    
Entity 7.TotalTime                          11.598     (Insuf)    5.6252     19.176        272    
Dispatch seize resource.Queue.WaitingTime   1.5181     (Corr)     .00000     9.9144        849    

                                     DISCRETE-CHANGE VARIABLES

Identifier                                  Average   Half Width  Minimum    Maximum   Final Value
___________________________________________________________________________________________________

Entity 1.WIP                                .46084     (Insuf)    .00000     5.0000     .00000    
Entity 2.WIP                                .28701     (Insuf)    .00000     4.0000     .00000    
Entity 3.WIP                                .04935     (Insuf)    .00000     1.0000     .00000    
Entity 4.WIP                                .02834     (Insuf)    .00000     1.0000     .00000    
Entity 5.WIP                                1.4676     .32465     .00000     6.0000     2.0000    
Entity 6.WIP                                2.3256     (Corr)     .00000     10.000     3.0000    
Entity 7.WIP                                6.9708     .89056     .00000     15.000     6.0000    
Attention.NumberBusy                        8.7252     .54058     1.0000     10.000     10.000    
Attention.NumberScheduled                   10.000     (Insuf)    10.000     10.000     10.000    
Attention.Utilization                       .87252     .05406     .10000     1.0000     1.0000    
Dispatch seize resource.Queue.NumberInQueu  2.8643     (Corr)     .00000     18.000     1.0000    

                                             COUNTERS

Identifier                                    Count   Limit
_____________________________________________________________

Referencing_Failure_Unknown                       0  Infinite
Recordkeeping_Failure_Unknown                     1  Infinite
DirectiveCourtesy2_Failure_Unknown                0  Infinite
DirectiveCourtesy_Failure_Unknown                 0  Infinite
Actuation_Failure_Unknown                         0  Infinite
CommunicationsOther_Failure_Unknown               0  Infinite
DirectiveMandatory_Failure_Unknown                0  Infinite

                                             OUTPUTS

Identifier                                   Value
_____________________________________________________________

Entity 1.NumberIn                           48.000    
Entity 1.NumberOut                          49.000    
Entity 2.NumberIn                           59.000    
Entity 2.NumberOut                          59.000    
Entity 3.NumberIn                           2.0000    
Entity 3.NumberOut                          2.0000    
Entity 4.NumberIn                           5.0000    
Entity 4.NumberOut                          5.0000    
Entity 5.NumberIn                           170.00    
Entity 5.NumberOut                          168.00    
Entity 6.NumberIn                           295.00    
Entity 6.NumberOut                          294.00    
Entity 7.NumberIn                           271.00    
Entity 7.NumberOut                          272.00    
Attention.NumberSeized                      849.00    
Attention.ScheduledUtilization              .87252    
System.NumberOut                            849.00    

Beginning replication 6 of 50

                                      ARENA Simulation Results
                                  sl365@duke.edu - License: STUDENT

                                  Summary for Replication 6 of 50

Project: Unnamed Project                                             Run execution date : 4/ 4/2018
Analyst: sl365@duke.edu                                              Model revision date: 4/ 4/2018

Replication ended at time      : 480.0 Minutes 
Statistics were cleared at time: 30.0 Minutes (Thursday, April 05, 2018, 01:30:00)
Statistics accumulated for time: 450.0 Minutes
Base Time Units: Minutes

                                           TALLY VARIABLES

Identifier                                  Average   Half Width  Minimum    Maximum   Observations
___________________________________________________________________________________________________

Entity 1.VATime                             2.6274     (Insuf)    1.1984     4.7427         55    
Entity 1.NVATime                            .00000     (Insuf)    .00000     .00000         55    
Entity 1.WaitTime                           1.3150     (Insuf)    .00000     7.0894         55    
Entity 1.TranTime                           .00161     (Insuf)    1.5921E-04 .00309         55    
Entity 1.OtherTime                          .00000     (Insuf)    .00000     .00000         55    
Entity 1.TotalTime                          3.9441     (Insuf)    1.2876     9.0177         55    
Entity 2.VATime                             .75087     (Insuf)    .54820     .90790         71    
Entity 2.NVATime                            .00000     (Insuf)    .00000     .00000         71    
Entity 2.WaitTime                           1.8051     (Insuf)    .00000     9.3665         71    
Entity 2.TranTime                           .00166     (Insuf)    1.1987E-04 .00312         71    
Entity 2.OtherTime                          .00000     (Insuf)    .00000     .00000         71    
Entity 2.TotalTime                          2.5576     (Insuf)    .58592     10.021         71    
Entity 3.VATime                             11.221     (Insuf)    9.3938     13.050          2    
Entity 3.NVATime                            .00000     (Insuf)    .00000     .00000          2    
Entity 3.WaitTime                           1.7398     (Insuf)    1.0771     2.4024          2    
Entity 3.TranTime                           .00181     (Insuf)    .00154     .00209          2    
Entity 3.OtherTime                          .00000     (Insuf)    .00000     .00000          2    
Entity 3.TotalTime                          12.963     (Insuf)    10.472     15.454          2    
Entity 4.VATime                             1.1832     (Insuf)    .88200     1.5198          4    
Entity 4.NVATime                            .00000     (Insuf)    .00000     .00000          4    
Entity 4.WaitTime                           .60799     (Insuf)    .00000     1.7659          4    
Entity 4.TranTime                           .00108     (Insuf)    5.0496E-04 .00153          4    
Entity 4.OtherTime                          .00000     (Insuf)    .00000     .00000          4    
Entity 4.TotalTime                          1.7923     (Insuf)    1.2716     2.6488          4    
Entity 5.VATime                             2.4473     (Insuf)    .24702     4.6881        183    
Entity 5.NVATime                            .00000     (Insuf)    .00000     .00000        183    
Entity 5.WaitTime                           1.8215     (Insuf)    .00000     8.3281        183    
Entity 5.TranTime                           .00159     (Insuf)    2.9965E-04 .00286        183    
Entity 5.OtherTime                          .00000     (Insuf)    .00000     .00000        183    
Entity 5.TotalTime                          4.2705     (Insuf)    .28428     10.690        183    
Entity 6.VATime                             1.9550     (Insuf)    1.1225     2.8731        274    
Entity 6.NVATime                            .00000     (Insuf)    .00000     .00000        274    
Entity 6.WaitTime                           1.7854     (Insuf)    .00000     8.0666        274    
Entity 6.TranTime                           .00165     (Insuf)    1.9520E-04 .00322        274    
Entity 6.OtherTime                          .00000     (Insuf)    .00000     .00000        274    
Entity 6.TotalTime                          3.7421     (Insuf)    1.1249     10.447        274    
Entity 7.VATime                             9.6694     (Insuf)    5.4073     14.317        292    
Entity 7.NVATime                            .00000     (Insuf)    .00000     .00000        292    
Entity 7.WaitTime                           1.8841     (Insuf)    .00000     8.0454        292    
Entity 7.TranTime                           .00170     (Insuf)    7.5748E-05 .00325        292    
Entity 7.OtherTime                          .00000     (Insuf)    .00000     .00000        292    
Entity 7.TotalTime                          11.555     (Insuf)    5.4091     21.225        292    
Dispatch seize resource.Queue.WaitingTime   1.7869     (Corr)     .00000     9.3665        881    

                                     DISCRETE-CHANGE VARIABLES

Identifier                                  Average   Half Width  Minimum    Maximum   Final Value
___________________________________________________________________________________________________

Entity 1.WIP                                .48449     (Insuf)    .00000     3.0000     1.0000    
Entity 2.WIP                                .40230     (Insuf)    .00000     3.0000     .00000    
Entity 3.WIP                                .05762     (Insuf)    .00000     1.0000     .00000    
Entity 4.WIP                                .01593     (Insuf)    .00000     1.0000     .00000    
Entity 5.WIP                                1.7368     .43237     .00000     9.0000     1.0000    
Entity 6.WIP                                2.2719     .56768     .00000     10.000     1.0000    
Entity 7.WIP                                7.4999     (Corr)     1.0000     17.000     8.0000    
Attention.NumberBusy                        8.9697     .47258     1.0000     10.000     10.000    
Attention.NumberScheduled                   10.000     (Insuf)    10.000     10.000     10.000    
Attention.Utilization                       .89697     .04726     .10000     1.0000     1.0000    
Dispatch seize resource.Queue.NumberInQueu  3.4992     (Corr)     .00000     18.000     1.0000    

                                             COUNTERS

Identifier                                    Count   Limit
_____________________________________________________________

Referencing_Failure_Unknown                       0  Infinite
Recordkeeping_Failure_Unknown                     0  Infinite
DirectiveCourtesy2_Failure_Unknown                0  Infinite
DirectiveCourtesy_Failure_Unknown                 0  Infinite
Actuation_Failure_Unknown                         0  Infinite
CommunicationsOther_Failure_Unknown               0  Infinite
DirectiveMandatory_Failure_Unknown                0  Infinite

                                             OUTPUTS

Identifier                                   Value
_____________________________________________________________

Entity 1.NumberIn                           56.000    
Entity 1.NumberOut                          55.000    
Entity 2.NumberIn                           70.000    
Entity 2.NumberOut                          71.000    
Entity 3.NumberIn                           2.0000    
Entity 3.NumberOut                          2.0000    
Entity 4.NumberIn                           4.0000    
Entity 4.NumberOut                          4.0000    
Entity 5.NumberIn                           183.00    
Entity 5.NumberOut                          183.00    
Entity 6.NumberIn                           272.00    
Entity 6.NumberOut                          274.00    
Entity 7.NumberIn                           295.00    
Entity 7.NumberOut                          292.00    
Attention.NumberSeized                      881.00    
Attention.ScheduledUtilization              .89697    
System.NumberOut                            881.00    

Beginning replication 7 of 50

                                      ARENA Simulation Results
                                  sl365@duke.edu - License: STUDENT

                                  Summary for Replication 7 of 50

Project: Unnamed Project                                             Run execution date : 4/ 4/2018
Analyst: sl365@duke.edu                                              Model revision date: 4/ 4/2018

Replication ended at time      : 480.0 Minutes 
Statistics were cleared at time: 30.0 Minutes (Thursday, April 05, 2018, 01:30:00)
Statistics accumulated for time: 450.0 Minutes
Base Time Units: Minutes

                                           TALLY VARIABLES

Identifier                                  Average   Half Width  Minimum    Maximum   Observations
___________________________________________________________________________________________________

Entity 1.VATime                             2.5690     (Insuf)    1.1948     4.7050         68    
Entity 1.NVATime                            .00000     (Insuf)    .00000     .00000         68    
Entity 1.WaitTime                           1.1134     (Insuf)    .00000     8.0700         68    
Entity 1.TranTime                           .00172     (Insuf)    5.9159E-04 .00328         68    
Entity 1.OtherTime                          .00000     (Insuf)    .00000     .00000         68    
Entity 1.TotalTime                          3.6842     (Insuf)    1.1966     9.6612         68    
Entity 2.VATime                             .76247     (Insuf)    .53217     .96213         63    
Entity 2.NVATime                            .00000     (Insuf)    .00000     .00000         63    
Entity 2.WaitTime                           1.0197     (Insuf)    .00000     8.9829         63    
Entity 2.TranTime                           .00160     (Insuf)    1.9608E-04 .00310         63    
Entity 2.OtherTime                          .00000     (Insuf)    .00000     .00000         63    
Entity 2.TotalTime                          1.7837     (Insuf)    .53413     9.6783         63    
Entity 3.VATime                             10.717     (Insuf)    9.8685     11.391          3    
Entity 3.NVATime                            .00000     (Insuf)    .00000     .00000          3    
Entity 3.WaitTime                           .04590     (Insuf)    .00000     .13771          3    
Entity 3.TranTime                           .00126     (Insuf)    9.0095E-04 .00158          3    
Entity 3.OtherTime                          .00000     (Insuf)    .00000     .00000          3    
Entity 3.TotalTime                          10.764     (Insuf)    9.8698     11.393          3    
Entity 4.VATime                             1.2469     (Insuf)    .80620     1.6175          3    
Entity 4.NVATime                            .00000     (Insuf)    .00000     .00000          3    
Entity 4.WaitTime                           .42270     (Insuf)    .00000     1.2681          3    
Entity 4.TranTime                           .00192     (Insuf)    .00129     .00261          3    
Entity 4.OtherTime                          .00000     (Insuf)    .00000     .00000          3    
Entity 4.TotalTime                          1.6715     (Insuf)    .80881     2.8875          3    
Entity 5.VATime                             2.3805     (Insuf)    .16666     4.7999        151    
Entity 5.NVATime                            .00000     (Insuf)    .00000     .00000        151    
Entity 5.WaitTime                           1.1926     (Insuf)    .00000     8.7970        151    
Entity 5.TranTime                           .00171     (Insuf)    1.8532E-04 .00325        151    
Entity 5.OtherTime                          .00000     (Insuf)    .00000     .00000        151    
Entity 5.TotalTime                          3.5749     (Insuf)    .16831     12.683        151    
Entity 6.VATime                             2.0193     (Insuf)    1.0741     2.9528        264    
Entity 6.NVATime                            .00000     (Insuf)    .00000     .00000        264    
Entity 6.WaitTime                           1.0597     (Insuf)    .00000     10.298        264    
Entity 6.TranTime                           .00163     (Insuf)    1.1888E-04 .00324        264    
Entity 6.OtherTime                          .00000     (Insuf)    .00000     .00000        264    
Entity 6.TotalTime                          3.0807     (Insuf)    1.1266     12.572        264    
Entity 7.VATime                             9.9677     (Insuf)    5.6135     14.906        276    
Entity 7.NVATime                            .00000     (Insuf)    .00000     .00000        276    
Entity 7.WaitTime                           1.2313     (Insuf)    .00000     9.7580        276    
Entity 7.TranTime                           .00168     (Insuf)    1.0515E-05 .00319        276    
Entity 7.OtherTime                          .00000     (Insuf)    .00000     .00000        276    
Entity 7.TotalTime                          11.200     (Insuf)    5.7903     22.590        276    
Dispatch seize resource.Queue.WaitingTime   1.1205     (Corr)     .00000     10.298        826    

                                     DISCRETE-CHANGE VARIABLES

Identifier                                  Average   Half Width  Minimum    Maximum   Final Value
___________________________________________________________________________________________________

Entity 1.WIP                                .56283     (Insuf)    .00000     5.0000     2.0000    
Entity 2.WIP                                .24252     (Insuf)    .00000     5.0000     .00000    
Entity 3.WIP                                .07176     (Insuf)    .00000     1.0000     .00000    
Entity 4.WIP                                .01114     (Insuf)    .00000     1.0000     .00000    
Entity 5.WIP                                1.2012     (Insuf)    .00000     6.0000     1.0000    
Entity 6.WIP                                1.8141     (Corr)     .00000     8.0000     3.0000    
Entity 7.WIP                                6.7616     (Corr)     1.0000     19.000     2.0000    
Attention.NumberBusy                        8.6189     .40267     2.0000     10.000     8.0000    
Attention.NumberScheduled                   10.000     (Insuf)    10.000     10.000     10.000    
Attention.Utilization                       .86189     .04027     .20000     1.0000     .80000    
Dispatch seize resource.Queue.NumberInQueu  2.0464     (Corr)     .00000     21.000     .00000    

                                             COUNTERS

Identifier                                    Count   Limit
_____________________________________________________________

Referencing_Failure_Unknown                       0  Infinite
Recordkeeping_Failure_Unknown                     0  Infinite
DirectiveCourtesy2_Failure_Unknown                0  Infinite
DirectiveCourtesy_Failure_Unknown                 0  Infinite
Actuation_Failure_Unknown                         0  Infinite
CommunicationsOther_Failure_Unknown               0  Infinite
DirectiveMandatory_Failure_Unknown                0  Infinite

                                             OUTPUTS

Identifier                                   Value
_____________________________________________________________

Entity 1.NumberIn                           70.000    
Entity 1.NumberOut                          68.000    
Entity 2.NumberIn                           62.000    
Entity 2.NumberOut                          63.000    
Entity 3.NumberIn                           3.0000    
Entity 3.NumberOut                          3.0000    
Entity 4.NumberIn                           3.0000    
Entity 4.NumberOut                          3.0000    
Entity 5.NumberIn                           151.00    
Entity 5.NumberOut                          151.00    
Entity 6.NumberIn                           265.00    
Entity 6.NumberOut                          264.00    
Entity 7.NumberIn                           269.00    
Entity 7.NumberOut                          276.00    
Attention.NumberSeized                      826.00    
Attention.ScheduledUtilization              .86189    
System.NumberOut                            828.00    

Beginning replication 8 of 50
SIMAN Run Controller.

0.0 Minutes>
                                      ARENA Simulation Results
                                  sl365@duke.edu - License: STUDENT

                                  Summary for Replication 8 of 50

Project: Unnamed Project                                             Run execution date : 4/ 4/2018
Analyst: sl365@duke.edu                                              Model revision date: 4/ 4/2018

Replication ended at time      : 0.0 Minutes 
Base Time Units: Minutes

                                           TALLY VARIABLES

Identifier                                  Average   Half Width  Minimum    Maximum   Observations
___________________________________________________________________________________________________

Entity 1.VATime                                 --         --         --         --          0
Entity 1.NVATime                                --         --         --         --          0
Entity 1.WaitTime                               --         --         --         --          0
Entity 1.TranTime                               --         --         --         --          0
Entity 1.OtherTime                              --         --         --         --          0
Entity 1.TotalTime                              --         --         --         --          0
Entity 2.VATime                                 --         --         --         --          0
Entity 2.NVATime                                --         --         --         --          0
Entity 2.WaitTime                               --         --         --         --          0
Entity 2.TranTime                               --         --         --         --          0
Entity 2.OtherTime                              --         --         --         --          0
Entity 2.TotalTime                              --         --         --         --          0
Entity 3.VATime                                 --         --         --         --          0
Entity 3.NVATime                                --         --         --         --          0
Entity 3.WaitTime                               --         --         --         --          0
Entity 3.TranTime                               --         --         --         --          0
Entity 3.OtherTime                              --         --         --         --          0
Entity 3.TotalTime                              --         --         --         --          0
Entity 4.VATime                                 --         --         --         --          0
Entity 4.NVATime                                --         --         --         --          0
Entity 4.WaitTime                               --         --         --         --          0
Entity 4.TranTime                               --         --         --         --          0
Entity 4.OtherTime                              --         --         --         --          0
Entity 4.TotalTime                              --         --         --         --          0
Entity 5.VATime                                 --         --         --         --          0
Entity 5.NVATime                                --         --         --         --          0
Entity 5.WaitTime                               --         --         --         --          0
Entity 5.TranTime                               --         --         --         --          0
Entity 5.OtherTime                              --         --         --         --          0
Entity 5.TotalTime                              --         --         --         --          0
Entity 6.VATime                                 --         --         --         --          0
Entity 6.NVATime                                --         --         --         --          0
Entity 6.WaitTime                               --         --         --         --          0
Entity 6.TranTime                               --         --         --         --          0
Entity 6.OtherTime                              --         --         --         --          0
Entity 6.TotalTime                              --         --         --         --          0
Entity 7.VATime                                 --         --         --         --          0
Entity 7.NVATime                                --         --         --         --          0
Entity 7.WaitTime                               --         --         --         --          0
Entity 7.TranTime                               --         --         --         --          0
Entity 7.OtherTime                              --         --         --         --          0
Entity 7.TotalTime                              --         --         --         --          0
Dispatch seize resource.Queue.WaitingTime       --         --         --         --          0

                                     DISCRETE-CHANGE VARIABLES

Identifier                                  Average   Half Width  Minimum    Maximum   Final Value
___________________________________________________________________________________________________

Entity 1.WIP                                .00000     (Insuf)    .00000     .00000     .00000    
Entity 2.WIP                                .00000     (Insuf)    .00000     .00000     .00000    
Entity 3.WIP                                .00000     (Insuf)    .00000     .00000     .00000    
Entity 4.WIP                                .00000     (Insuf)    .00000     .00000     .00000    
Entity 5.WIP                                .00000     (Insuf)    .00000     .00000     .00000    
Entity 6.WIP                                .00000     (Insuf)    .00000     .00000     .00000    
Entity 7.WIP                                .00000     (Insuf)    .00000     .00000     .00000    
Attention.NumberBusy                        .00000     (Insuf)    .00000     .00000     .00000    
Attention.NumberScheduled                   .00000     (Insuf)    10.000     10.000     10.000    
Attention.Utilization                       .00000     (Insuf)    .00000     .00000     .00000    
Dispatch seize resource.Queue.NumberInQueu  .00000     (Insuf)    .00000     .00000     .00000    

                                             COUNTERS

Identifier                                    Count   Limit
_____________________________________________________________

Referencing_Failure_Unknown                       0  Infinite
Recordkeeping_Failure_Unknown                     0  Infinite
DirectiveCourtesy2_Failure_Unknown                0  Infinite
DirectiveCourtesy_Failure_Unknown                 0  Infinite
Actuation_Failure_Unknown                         0  Infinite
CommunicationsOther_Failure_Unknown               0  Infinite
DirectiveMandatory_Failure_Unknown                0  Infinite

                                             OUTPUTS

Identifier                                   Value
_____________________________________________________________

Entity 1.NumberIn                           .00000    
Entity 1.NumberOut                          .00000    
Entity 2.NumberIn                           .00000    
Entity 2.NumberOut                          .00000    
Entity 3.NumberIn                           .00000    
Entity 3.NumberOut                          .00000    
Entity 4.NumberIn                           .00000    
Entity 4.NumberOut                          .00000    
Entity 5.NumberIn                           .00000    
Entity 5.NumberOut                          .00000    
Entity 6.NumberIn                           .00000    
Entity 6.NumberOut                          .00000    
Entity 7.NumberIn                           .00000    
Entity 7.NumberOut                          .00000    
Attention.NumberSeized                      .00000    
Attention.ScheduledUtilization              .00000    
System.NumberOut                            .00000    

